2021-08-19 12:37:53,147 ERROR [main] [com.log.TestLog4j] - 错误信息
2021-08-19 12:37:53,147 FATAL [main] [com.log.TestLog4j] - 致命信息
2021-08-19 12:37:53,147 DEBUG [main] [com.log.TestLog4j] - 调试信息
2021-08-19 12:37:53,147  INFO [main] [com.log.TestLog4j] - 输出信息
2021-08-19 12:37:53,147  WARN [main] [com.log.TestLog4j] - 警告信息
2021-08-19 12:37:53,147 ERROR [main] [com.log.TestLog4j] - 错误信息
2021-08-19 12:37:53,147 FATAL [main] [com.log.TestLog4j] - 致命信息
2021-08-19 12:37:53,147 DEBUG [main] [com.log.TestLog4j] - 调试信息
2021-08-19 12:37:53,147  INFO [main] [com.log.TestLog4j] - 输出信息
2021-08-19 12:37:53,148  WARN [main] [com.log.TestLog4j] - 警告信息
2021-08-19 12:37:53,148 ERROR [main] [com.log.TestLog4j] - 错误信息
2021-08-19 12:37:53,148 FATAL [main] [com.log.TestLog4j] - 致命信息
2021-08-19 12:37:53,148 DEBUG [main] [com.log.TestLog4j] - 调试信息
2021-08-19 12:37:53,148  INFO [main] [com.log.TestLog4j] - 输出信息
2021-08-19 12:37:53,148  WARN [main] [com.log.TestLog4j] - 警告信息
2021-08-19 12:37:53,148 ERROR [main] [com.log.TestLog4j] - 错误信息
2021-08-19 12:37:53,148 FATAL [main] [com.log.TestLog4j] - 致命信息
2021-08-19 12:37:53,148 DEBUG [main] [com.log.TestLog4j] - 调试信息
2021-08-19 12:37:53,148  INFO [main] [com.log.TestLog4j] - 输出信息
2021-08-19 12:37:53,148  WARN [main] [com.log.TestLog4j] - 警告信息
2021-08-19 12:37:53,148 ERROR [main] [com.log.TestLog4j] - 错误信息
2021-08-19 12:37:53,148 FATAL [main] [com.log.TestLog4j] - 致命信息
2021-08-19 12:37:53,148 DEBUG [main] [com.log.TestLog4j] - 调试信息
2021-08-19 12:37:53,148  INFO [main] [com.log.TestLog4j] - 输出信息
2021-08-19 12:37:53,148  WARN [main] [com.log.TestLog4j] - 警告信息
2021-08-19 12:37:53,148 ERROR [main] [com.log.TestLog4j] - 错误信息
2021-08-19 12:37:53,148 FATAL [main] [com.log.TestLog4j] - 致命信息
2021-08-19 12:37:53,148 DEBUG [main] [com.log.TestLog4j] - 调试信息
2021-08-19 12:37:53,148  INFO [main] [com.log.TestLog4j] - 输出信息
2021-08-19 12:37:53,148  WARN [main] [com.log.TestLog4j] - 警告信息
2021-08-19 12:37:53,148 ERROR [main] [com.log.TestLog4j] - 错误信息
2021-08-19 12:37:53,148 FATAL [main] [com.log.TestLog4j] - 致命信息
2021-08-19 12:37:53,148 DEBUG [main] [com.log.TestLog4j] - 调试信息
2021-08-19 12:37:53,148  INFO [main] [com.log.TestLog4j] - 输出信息
2021-08-19 12:37:53,148  WARN [main] [com.log.TestLog4j] - 警告信息
2021-08-19 12:37:53,148 ERROR [main] [com.log.TestLog4j] - 错误信息
2021-08-19 12:37:53,148 FATAL [main] [com.log.TestLog4j] - 致命信息
2021-08-19 12:37:53,148 DEBUG [main] [com.log.TestLog4j] - 调试信息
2021-08-19 12:37:53,148  INFO [main] [com.log.TestLog4j] - 输出信息
2021-08-19 12:37:53,148  WARN [main] [com.log.TestLog4j] - 警告信息
2021-08-19 12:37:53,148 ERROR [main] [com.log.TestLog4j] - 错误信息
2021-08-19 12:37:53,148 FATAL [main] [com.log.TestLog4j] - 致命信息
2021-08-19 12:37:53,148 DEBUG [main] [com.log.TestLog4j] - 调试信息
2021-08-19 12:37:53,148  INFO [main] [com.log.TestLog4j] - 输出信息
2021-08-19 12:37:53,148  WARN [main] [com.log.TestLog4j] - 警告信息
2021-08-19 12:37:53,148 ERROR [main] [com.log.TestLog4j] - 错误信息
2021-08-19 12:37:53,148 FATAL [main] [com.log.TestLog4j] - 致命信息
2021-08-19 12:37:53,148 DEBUG [main] [com.log.TestLog4j] - 调试信息
2021-08-19 12:37:53,148  INFO [main] [com.log.TestLog4j] - 输出信息
2021-08-19 12:37:53,148  WARN [main] [com.log.TestLog4j] - 警告信息
2021-08-19 12:37:53,148 ERROR [main] [com.log.TestLog4j] - 错误信息
2021-08-19 12:37:53,148 FATAL [main] [com.log.TestLog4j] - 致命信息
2021-08-19 12:37:53,149 DEBUG [main] [com.log.TestLog4j] - 调试信息
2021-08-19 12:37:53,149  INFO [main] [com.log.TestLog4j] - 输出信息
2021-08-19 12:37:53,149  WARN [main] [com.log.TestLog4j] - 警告信息
2021-08-19 12:37:53,149 ERROR [main] [com.log.TestLog4j] - 错误信息
2021-08-19 12:37:53,149 FATAL [main] [com.log.TestLog4j] - 致命信息
2021-08-19 12:37:53,149 DEBUG [main] [com.log.TestLog4j] - 调试信息
2021-08-19 12:37:53,149  INFO [main] [com.log.TestLog4j] - 输出信息
2021-08-19 12:37:53,149  WARN [main] [com.log.TestLog4j] - 警告信息
2021-08-19 12:37:53,149 ERROR [main] [com.log.TestLog4j] - 错误信息
2021-08-19 12:37:53,149 FATAL [main] [com.log.TestLog4j] - 致命信息
2021-08-19 12:37:53,149 DEBUG [main] [com.log.TestLog4j] - 调试信息
2021-08-19 12:37:53,149  INFO [main] [com.log.TestLog4j] - 输出信息
2021-08-19 12:37:53,149  WARN [main] [com.log.TestLog4j] - 警告信息
2021-08-19 12:37:53,149 ERROR [main] [com.log.TestLog4j] - 错误信息
2021-08-19 12:37:53,149 FATAL [main] [com.log.TestLog4j] - 致命信息
2021-08-19 12:37:53,149 DEBUG [main] [com.log.TestLog4j] - 调试信息
2021-08-19 12:37:53,149  INFO [main] [com.log.TestLog4j] - 输出信息
2021-08-19 12:37:53,149  WARN [main] [com.log.TestLog4j] - 警告信息
2021-08-19 12:37:53,149 ERROR [main] [com.log.TestLog4j] - 错误信息
2021-08-19 12:37:53,149 FATAL [main] [com.log.TestLog4j] - 致命信息
2021-08-19 12:37:53,149 DEBUG [main] [com.log.TestLog4j] - 调试信息
2021-08-19 12:37:53,149  INFO [main] [com.log.TestLog4j] - 输出信息
2021-08-19 12:37:53,149  WARN [main] [com.log.TestLog4j] - 警告信息
2021-08-19 12:37:53,149 ERROR [main] [com.log.TestLog4j] - 错误信息
2021-08-19 12:37:53,149 FATAL [main] [com.log.TestLog4j] - 致命信息
2021-08-19 12:37:53,149 DEBUG [main] [com.log.TestLog4j] - 调试信息
2021-08-19 12:37:53,149  INFO [main] [com.log.TestLog4j] - 输出信息
2021-08-19 12:37:53,149  WARN [main] [com.log.TestLog4j] - 警告信息
2021-08-19 12:37:53,149 ERROR [main] [com.log.TestLog4j] - 错误信息
2021-08-19 12:37:53,149 FATAL [main] [com.log.TestLog4j] - 致命信息
2021-08-19 12:37:53,149 DEBUG [main] [com.log.TestLog4j] - 调试信息
2021-08-19 12:37:53,149  INFO [main] [com.log.TestLog4j] - 输出信息
2021-08-19 12:37:53,149  WARN [main] [com.log.TestLog4j] - 警告信息
2021-08-19 12:37:53,149 ERROR [main] [com.log.TestLog4j] - 错误信息
2021-08-19 12:37:53,149 FATAL [main] [com.log.TestLog4j] - 致命信息
2021-08-19 12:37:53,149 DEBUG [main] [com.log.TestLog4j] - 调试信息
2021-08-19 12:37:53,149  INFO [main] [com.log.TestLog4j] - 输出信息
2021-08-19 12:37:53,149  WARN [main] [com.log.TestLog4j] - 警告信息
2021-08-19 12:37:53,149 ERROR [main] [com.log.TestLog4j] - 错误信息
2021-08-19 12:37:53,149 FATAL [main] [com.log.TestLog4j] - 致命信息
2021-08-19 12:37:53,149 DEBUG [main] [com.log.TestLog4j] - 调试信息
2021-08-19 12:37:53,149  INFO [main] [com.log.TestLog4j] - 输出信息
2021-08-19 12:37:53,149  WARN [main] [com.log.TestLog4j] - 警告信息
2021-08-19 12:37:53,149 ERROR [main] [com.log.TestLog4j] - 错误信息
2021-08-19 12:37:53,149 FATAL [main] [com.log.TestLog4j] - 致命信息
2021-08-19 12:37:53,149 DEBUG [main] [com.log.TestLog4j] - 调试信息
2021-08-19 12:37:53,149  INFO [main] [com.log.TestLog4j] - 输出信息
2021-08-19 12:37:53,149  WARN [main] [com.log.TestLog4j] - 警告信息
2021-08-19 12:37:53,149 ERROR [main] [com.log.TestLog4j] - 错误信息
2021-08-19 12:37:53,149 FATAL [main] [com.log.TestLog4j] - 致命信息
2021-08-19 12:37:53,149 DEBUG [main] [com.log.TestLog4j] - 调试信息
2021-08-19 12:37:53,149  INFO [main] [com.log.TestLog4j] - 输出信息
2021-08-19 12:37:53,149  WARN [main] [com.log.TestLog4j] - 警告信息
2021-08-19 12:37:53,149 ERROR [main] [com.log.TestLog4j] - 错误信息
2021-08-19 12:37:53,149 FATAL [main] [com.log.TestLog4j] - 致命信息
2021-08-19 12:37:53,149 DEBUG [main] [com.log.TestLog4j] - 调试信息
2021-08-19 12:37:53,149  INFO [main] [com.log.TestLog4j] - 输出信息
2021-08-19 12:37:53,150  WARN [main] [com.log.TestLog4j] - 警告信息
2021-08-19 12:37:53,150 ERROR [main] [com.log.TestLog4j] - 错误信息
2021-08-19 12:37:53,150 FATAL [main] [com.log.TestLog4j] - 致命信息
2021-08-19 12:37:53,150 DEBUG [main] [com.log.TestLog4j] - 调试信息
2021-08-19 12:37:53,150  INFO [main] [com.log.TestLog4j] - 输出信息
2021-08-19 12:37:53,150  WARN [main] [com.log.TestLog4j] - 警告信息
2021-08-19 12:37:53,150 ERROR [main] [com.log.TestLog4j] - 错误信息
2021-08-19 12:37:53,150 FATAL [main] [com.log.TestLog4j] - 致命信息
2021-08-19 12:37:53,150 DEBUG [main] [com.log.TestLog4j] - 调试信息
2021-08-19 12:37:53,150  INFO [main] [com.log.TestLog4j] - 输出信息
2021-08-19 12:37:53,150  WARN [main] [com.log.TestLog4j] - 警告信息
2021-08-19 12:37:53,150 ERROR [main] [com.log.TestLog4j] - 错误信息
2021-08-19 12:37:53,150 FATAL [main] [com.log.TestLog4j] - 致命信息
2021-08-19 12:37:53,150 DEBUG [main] [com.log.TestLog4j] - 调试信息
2021-08-19 12:37:53,150  INFO [main] [com.log.TestLog4j] - 输出信息
2021-08-19 12:37:53,150  WARN [main] [com.log.TestLog4j] - 警告信息
2021-08-19 12:37:53,150 ERROR [main] [com.log.TestLog4j] - 错误信息
2021-08-19 12:37:53,150 FATAL [main] [com.log.TestLog4j] - 致命信息
2021-08-19 12:37:53,150 DEBUG [main] [com.log.TestLog4j] - 调试信息
2021-08-19 12:37:53,150  INFO [main] [com.log.TestLog4j] - 输出信息
2021-08-19 12:37:53,150  WARN [main] [com.log.TestLog4j] - 警告信息
2021-08-19 12:37:53,150 ERROR [main] [com.log.TestLog4j] - 错误信息
2021-08-19 12:37:53,150 FATAL [main] [com.log.TestLog4j] - 致命信息
2021-08-19 12:37:53,150 DEBUG [main] [com.log.TestLog4j] - 调试信息
2021-08-19 12:37:53,150  INFO [main] [com.log.TestLog4j] - 输出信息
2021-08-19 12:37:53,150  WARN [main] [com.log.TestLog4j] - 警告信息
2021-08-19 12:37:53,150 ERROR [main] [com.log.TestLog4j] - 错误信息
2021-08-19 12:37:53,150 FATAL [main] [com.log.TestLog4j] - 致命信息
2021-08-19 12:37:53,150 DEBUG [main] [com.log.TestLog4j] - 调试信息
2021-08-19 12:37:53,150  INFO [main] [com.log.TestLog4j] - 输出信息
2021-08-19 12:37:53,150  WARN [main] [com.log.TestLog4j] - 警告信息
2021-08-19 12:37:53,150 ERROR [main] [com.log.TestLog4j] - 错误信息
2021-08-19 12:37:53,150 FATAL [main] [com.log.TestLog4j] - 致命信息
2021-08-19 12:37:53,150 DEBUG [main] [com.log.TestLog4j] - 调试信息
2021-08-19 12:37:53,150  INFO [main] [com.log.TestLog4j] - 输出信息
2021-08-19 12:37:53,150  WARN [main] [com.log.TestLog4j] - 警告信息
2021-08-19 12:37:53,150 ERROR [main] [com.log.TestLog4j] - 错误信息
2021-08-19 12:37:53,150 FATAL [main] [com.log.TestLog4j] - 致命信息
2021-08-19 12:37:53,150 DEBUG [main] [com.log.TestLog4j] - 调试信息
2021-08-19 12:37:53,150  INFO [main] [com.log.TestLog4j] - 输出信息
2021-08-19 12:37:53,150  WARN [main] [com.log.TestLog4j] - 警告信息
2021-08-19 12:37:53,150 ERROR [main] [com.log.TestLog4j] - 错误信息
2021-08-19 12:37:53,150 FATAL [main] [com.log.TestLog4j] - 致命信息
2021-08-19 12:37:53,150 DEBUG [main] [com.log.TestLog4j] - 调试信息
2021-08-19 12:37:53,150  INFO [main] [com.log.TestLog4j] - 输出信息
2021-08-19 12:37:53,150  WARN [main] [com.log.TestLog4j] - 警告信息
2021-08-19 12:37:53,150 ERROR [main] [com.log.TestLog4j] - 错误信息
2021-08-19 12:37:53,150 FATAL [main] [com.log.TestLog4j] - 致命信息
2021-08-19 12:37:53,150 DEBUG [main] [com.log.TestLog4j] - 调试信息
2021-08-19 12:37:53,150  INFO [main] [com.log.TestLog4j] - 输出信息
2021-08-19 12:37:53,150  WARN [main] [com.log.TestLog4j] - 警告信息
2021-08-19 12:37:53,151 ERROR [main] [com.log.TestLog4j] - 错误信息
2021-08-19 12:37:53,151 FATAL [main] [com.log.TestLog4j] - 致命信息
2021-08-19 12:37:53,151 DEBUG [main] [com.log.TestLog4j] - 调试信息
2021-08-19 12:37:53,151  INFO [main] [com.log.TestLog4j] - 输出信息
2021-08-19 12:37:53,151  WARN [main] [com.log.TestLog4j] - 警告信息
2021-08-19 12:37:53,151 ERROR [main] [com.log.TestLog4j] - 错误信息
2021-08-19 12:37:53,151 FATAL [main] [com.log.TestLog4j] - 致命信息
2021-08-19 12:37:53,151 DEBUG [main] [com.log.TestLog4j] - 调试信息
2021-08-19 12:37:53,151  INFO [main] [com.log.TestLog4j] - 输出信息
2021-08-19 12:37:53,151  WARN [main] [com.log.TestLog4j] - 警告信息
2021-08-19 12:37:53,151 ERROR [main] [com.log.TestLog4j] - 错误信息
2021-08-19 12:37:53,151 FATAL [main] [com.log.TestLog4j] - 致命信息
2021-08-19 12:37:53,151 DEBUG [main] [com.log.TestLog4j] - 调试信息
2021-08-19 12:37:53,151  INFO [main] [com.log.TestLog4j] - 输出信息
2021-08-19 12:37:53,151  WARN [main] [com.log.TestLog4j] - 警告信息
2021-08-19 12:37:53,151 ERROR [main] [com.log.TestLog4j] - 错误信息
2021-08-19 12:37:53,151 FATAL [main] [com.log.TestLog4j] - 致命信息
2021-08-19 12:37:53,151 DEBUG [main] [com.log.TestLog4j] - 调试信息
2021-08-19 12:37:53,151  INFO [main] [com.log.TestLog4j] - 输出信息
2021-08-19 12:37:53,151  WARN [main] [com.log.TestLog4j] - 警告信息
2021-08-19 12:37:53,151 ERROR [main] [com.log.TestLog4j] - 错误信息
2021-08-19 12:37:53,151 FATAL [main] [com.log.TestLog4j] - 致命信息
2021-08-19 12:37:53,151 DEBUG [main] [com.log.TestLog4j] - 调试信息
2021-08-19 12:37:53,151  INFO [main] [com.log.TestLog4j] - 输出信息
2021-08-19 12:37:53,151  WARN [main] [com.log.TestLog4j] - 警告信息
2021-08-19 12:37:53,151 ERROR [main] [com.log.TestLog4j] - 错误信息
2021-08-19 12:37:53,151 FATAL [main] [com.log.TestLog4j] - 致命信息
2021-08-19 12:37:53,151 DEBUG [main] [com.log.TestLog4j] - 调试信息
2021-08-19 12:37:53,151  INFO [main] [com.log.TestLog4j] - 输出信息
2021-08-19 12:37:53,151  WARN [main] [com.log.TestLog4j] - 警告信息
2021-08-19 12:37:53,151 ERROR [main] [com.log.TestLog4j] - 错误信息
2021-08-19 12:37:53,151 FATAL [main] [com.log.TestLog4j] - 致命信息
2021-08-19 12:37:53,151 DEBUG [main] [com.log.TestLog4j] - 调试信息
2021-08-19 12:37:53,151  INFO [main] [com.log.TestLog4j] - 输出信息
2021-08-19 12:37:53,151  WARN [main] [com.log.TestLog4j] - 警告信息
2021-08-19 12:37:53,151 ERROR [main] [com.log.TestLog4j] - 错误信息
2021-08-19 12:37:53,151 FATAL [main] [com.log.TestLog4j] - 致命信息
2021-08-19 12:37:53,151 DEBUG [main] [com.log.TestLog4j] - 调试信息
2021-08-19 12:37:53,151  INFO [main] [com.log.TestLog4j] - 输出信息
2021-08-19 12:37:53,151  WARN [main] [com.log.TestLog4j] - 警告信息
2021-08-19 12:37:53,151 ERROR [main] [com.log.TestLog4j] - 错误信息
2021-08-19 12:37:53,151 FATAL [main] [com.log.TestLog4j] - 致命信息
2021-08-19 12:37:53,151 DEBUG [main] [com.log.TestLog4j] - 调试信息
2021-08-19 12:37:53,151  INFO [main] [com.log.TestLog4j] - 输出信息
2021-08-19 12:37:53,151  WARN [main] [com.log.TestLog4j] - 警告信息
2021-08-19 12:37:53,151 ERROR [main] [com.log.TestLog4j] - 错误信息
2021-08-19 12:37:53,151 FATAL [main] [com.log.TestLog4j] - 致命信息
2021-08-19 12:37:53,151 DEBUG [main] [com.log.TestLog4j] - 调试信息
2021-08-19 12:37:53,151  INFO [main] [com.log.TestLog4j] - 输出信息
2021-08-19 12:37:53,151  WARN [main] [com.log.TestLog4j] - 警告信息
2021-08-19 12:37:53,151 ERROR [main] [com.log.TestLog4j] - 错误信息
2021-08-19 12:37:53,151 FATAL [main] [com.log.TestLog4j] - 致命信息
2021-08-19 12:37:53,151 DEBUG [main] [com.log.TestLog4j] - 调试信息
2021-08-19 12:37:53,151  INFO [main] [com.log.TestLog4j] - 输出信息
2021-08-19 12:37:53,151  WARN [main] [com.log.TestLog4j] - 警告信息
2021-08-19 12:37:53,151 ERROR [main] [com.log.TestLog4j] - 错误信息
2021-08-19 12:37:53,151 FATAL [main] [com.log.TestLog4j] - 致命信息
2021-08-19 12:37:53,152 DEBUG [main] [com.log.TestLog4j] - 调试信息
2021-08-19 12:37:53,152  INFO [main] [com.log.TestLog4j] - 输出信息
2021-08-19 12:37:53,152  WARN [main] [com.log.TestLog4j] - 警告信息
2021-08-19 12:37:53,152 ERROR [main] [com.log.TestLog4j] - 错误信息
2021-08-19 12:37:53,152 FATAL [main] [com.log.TestLog4j] - 致命信息
2021-08-19 12:37:53,152 DEBUG [main] [com.log.TestLog4j] - 调试信息
2021-08-19 12:37:53,152  INFO [main] [com.log.TestLog4j] - 输出信息
2021-08-19 12:37:53,152  WARN [main] [com.log.TestLog4j] - 警告信息
2021-08-19 12:37:53,152 ERROR [main] [com.log.TestLog4j] - 错误信息
2021-08-19 12:37:53,152 FATAL [main] [com.log.TestLog4j] - 致命信息
2021-08-19 12:37:53,152 DEBUG [main] [com.log.TestLog4j] - 调试信息
2021-08-19 12:37:53,152  INFO [main] [com.log.TestLog4j] - 输出信息
2021-08-19 12:37:53,152  WARN [main] [com.log.TestLog4j] - 警告信息
2021-08-19 12:37:53,152 ERROR [main] [com.log.TestLog4j] - 错误信息
2021-08-19 12:37:53,152 FATAL [main] [com.log.TestLog4j] - 致命信息
2021-08-19 12:37:53,152 DEBUG [main] [com.log.TestLog4j] - 调试信息
2021-08-19 12:37:53,152  INFO [main] [com.log.TestLog4j] - 输出信息
2021-08-19 12:37:53,152  WARN [main] [com.log.TestLog4j] - 警告信息
2021-08-19 12:37:53,152 ERROR [main] [com.log.TestLog4j] - 错误信息
2021-08-19 12:37:53,152 FATAL [main] [com.log.TestLog4j] - 致命信息
2021-08-19 12:37:53,152 DEBUG [main] [com.log.TestLog4j] - 调试信息
2021-08-19 12:37:53,152  INFO [main] [com.log.TestLog4j] - 输出信息
2021-08-19 12:37:53,152  WARN [main] [com.log.TestLog4j] - 警告信息
2021-08-19 12:37:53,152 ERROR [main] [com.log.TestLog4j] - 错误信息
2021-08-19 12:37:53,152 FATAL [main] [com.log.TestLog4j] - 致命信息
2021-08-19 12:37:53,152 DEBUG [main] [com.log.TestLog4j] - 调试信息
2021-08-19 12:37:53,152  INFO [main] [com.log.TestLog4j] - 输出信息
2021-08-19 12:37:53,152  WARN [main] [com.log.TestLog4j] - 警告信息
2021-08-19 12:37:53,152 ERROR [main] [com.log.TestLog4j] - 错误信息
2021-08-19 12:37:53,152 FATAL [main] [com.log.TestLog4j] - 致命信息
2021-08-19 12:37:53,152 DEBUG [main] [com.log.TestLog4j] - 调试信息
2021-08-19 12:37:53,152  INFO [main] [com.log.TestLog4j] - 输出信息
2021-08-19 12:37:53,152  WARN [main] [com.log.TestLog4j] - 警告信息
2021-08-19 12:37:53,152 ERROR [main] [com.log.TestLog4j] - 错误信息
2021-08-19 12:37:53,152 FATAL [main] [com.log.TestLog4j] - 致命信息
2021-08-19 12:37:53,152 DEBUG [main] [com.log.TestLog4j] - 调试信息
2021-08-19 12:37:53,152  INFO [main] [com.log.TestLog4j] - 输出信息
2021-08-19 12:37:53,152  WARN [main] [com.log.TestLog4j] - 警告信息
2021-08-19 12:37:53,152 ERROR [main] [com.log.TestLog4j] - 错误信息
2021-08-19 12:37:53,152 FATAL [main] [com.log.TestLog4j] - 致命信息
2021-08-19 12:37:53,152 DEBUG [main] [com.log.TestLog4j] - 调试信息
2021-08-19 12:37:53,152  INFO [main] [com.log.TestLog4j] - 输出信息
2021-08-19 12:37:53,152  WARN [main] [com.log.TestLog4j] - 警告信息
2021-08-19 12:37:53,152 ERROR [main] [com.log.TestLog4j] - 错误信息
2021-08-19 12:37:53,152 FATAL [main] [com.log.TestLog4j] - 致命信息
2021-08-19 12:37:53,152 DEBUG [main] [com.log.TestLog4j] - 调试信息
2021-08-19 12:37:53,152  INFO [main] [com.log.TestLog4j] - 输出信息
2021-08-19 12:37:53,152  WARN [main] [com.log.TestLog4j] - 警告信息
2021-08-19 12:37:53,152 ERROR [main] [com.log.TestLog4j] - 错误信息
2021-08-19 12:37:53,152 FATAL [main] [com.log.TestLog4j] - 致命信息
2021-08-19 12:37:53,152 DEBUG [main] [com.log.TestLog4j] - 调试信息
2021-08-19 12:37:53,152  INFO [main] [com.log.TestLog4j] - 输出信息
2021-08-19 12:37:53,152  WARN [main] [com.log.TestLog4j] - 警告信息
2021-08-19 12:37:53,152 ERROR [main] [com.log.TestLog4j] - 错误信息
2021-08-19 12:37:53,152 FATAL [main] [com.log.TestLog4j] - 致命信息
2021-08-19 12:37:53,152 DEBUG [main] [com.log.TestLog4j] - 调试信息
2021-08-19 12:37:53,152  INFO [main] [com.log.TestLog4j] - 输出信息
2021-08-19 12:37:53,152  WARN [main] [com.log.TestLog4j] - 警告信息
2021-08-19 12:37:53,152 ERROR [main] [com.log.TestLog4j] - 错误信息
2021-08-19 12:37:53,152 FATAL [main] [com.log.TestLog4j] - 致命信息
2021-08-19 12:37:53,152 DEBUG [main] [com.log.TestLog4j] - 调试信息
2021-08-19 12:37:53,152  INFO [main] [com.log.TestLog4j] - 输出信息
2021-08-19 12:37:53,152  WARN [main] [com.log.TestLog4j] - 警告信息
2021-08-19 12:37:53,152 ERROR [main] [com.log.TestLog4j] - 错误信息
2021-08-19 12:37:53,153 FATAL [main] [com.log.TestLog4j] - 致命信息
2021-08-19 12:37:53,153 DEBUG [main] [com.log.TestLog4j] - 调试信息
2021-08-19 12:37:53,153  INFO [main] [com.log.TestLog4j] - 输出信息
2021-08-19 12:37:53,153  WARN [main] [com.log.TestLog4j] - 警告信息
2021-08-19 12:37:53,153 ERROR [main] [com.log.TestLog4j] - 错误信息
2021-08-19 12:37:53,153 FATAL [main] [com.log.TestLog4j] - 致命信息
2021-08-19 12:37:53,153 DEBUG [main] [com.log.TestLog4j] - 调试信息
2021-08-19 12:37:53,153  INFO [main] [com.log.TestLog4j] - 输出信息
2021-08-19 12:37:53,153  WARN [main] [com.log.TestLog4j] - 警告信息
2021-08-19 12:37:53,153 ERROR [main] [com.log.TestLog4j] - 错误信息
2021-08-19 12:37:53,153 FATAL [main] [com.log.TestLog4j] - 致命信息
2021-08-19 12:37:53,153 DEBUG [main] [com.log.TestLog4j] - 调试信息
2021-08-19 12:37:53,153  INFO [main] [com.log.TestLog4j] - 输出信息
2021-08-19 12:37:53,153  WARN [main] [com.log.TestLog4j] - 警告信息
2021-08-19 12:37:53,153 ERROR [main] [com.log.TestLog4j] - 错误信息
2021-08-19 12:37:53,153 FATAL [main] [com.log.TestLog4j] - 致命信息
2021-08-19 12:37:53,153 DEBUG [main] [com.log.TestLog4j] - 调试信息
2021-08-19 12:37:53,153  INFO [main] [com.log.TestLog4j] - 输出信息
2021-08-19 12:37:53,153  WARN [main] [com.log.TestLog4j] - 警告信息
2021-08-19 12:37:53,153 ERROR [main] [com.log.TestLog4j] - 错误信息
2021-08-19 12:37:53,153 FATAL [main] [com.log.TestLog4j] - 致命信息
2021-08-19 12:37:53,153 DEBUG [main] [com.log.TestLog4j] - 调试信息
2021-08-19 12:37:53,153  INFO [main] [com.log.TestLog4j] - 输出信息
2021-08-19 12:37:53,153  WARN [main] [com.log.TestLog4j] - 警告信息
2021-08-19 12:37:53,153 ERROR [main] [com.log.TestLog4j] - 错误信息
2021-08-19 12:37:53,153 FATAL [main] [com.log.TestLog4j] - 致命信息
2021-08-19 12:37:53,153 DEBUG [main] [com.log.TestLog4j] - 调试信息
2021-08-19 12:37:53,153  INFO [main] [com.log.TestLog4j] - 输出信息
2021-08-19 12:37:53,153  WARN [main] [com.log.TestLog4j] - 警告信息
2021-08-19 12:37:53,153 ERROR [main] [com.log.TestLog4j] - 错误信息
2021-08-19 12:37:53,153 FATAL [main] [com.log.TestLog4j] - 致命信息
2021-08-19 12:37:53,153 DEBUG [main] [com.log.TestLog4j] - 调试信息
2021-08-19 12:37:53,153  INFO [main] [com.log.TestLog4j] - 输出信息
2021-08-19 12:37:53,153  WARN [main] [com.log.TestLog4j] - 警告信息
2021-08-19 12:37:53,153 ERROR [main] [com.log.TestLog4j] - 错误信息
2021-08-19 12:37:53,153 FATAL [main] [com.log.TestLog4j] - 致命信息
2021-08-19 12:37:53,153 DEBUG [main] [com.log.TestLog4j] - 调试信息
2021-08-19 12:37:53,153  INFO [main] [com.log.TestLog4j] - 输出信息
2021-08-19 12:37:53,153  WARN [main] [com.log.TestLog4j] - 警告信息
2021-08-19 12:37:53,153 ERROR [main] [com.log.TestLog4j] - 错误信息
2021-08-19 12:37:53,153 FATAL [main] [com.log.TestLog4j] - 致命信息
2021-08-19 12:37:53,153 DEBUG [main] [com.log.TestLog4j] - 调试信息
2021-08-19 12:37:53,153  INFO [main] [com.log.TestLog4j] - 输出信息
2021-08-19 12:37:53,153  WARN [main] [com.log.TestLog4j] - 警告信息
2021-08-19 12:37:53,153 ERROR [main] [com.log.TestLog4j] - 错误信息
2021-08-19 12:37:53,153 FATAL [main] [com.log.TestLog4j] - 致命信息
2021-08-19 12:37:53,153 DEBUG [main] [com.log.TestLog4j] - 调试信息
2021-08-19 12:37:53,153  INFO [main] [com.log.TestLog4j] - 输出信息
2021-08-19 12:37:53,153  WARN [main] [com.log.TestLog4j] - 警告信息
2021-08-19 12:37:53,153 ERROR [main] [com.log.TestLog4j] - 错误信息
2021-08-19 12:37:53,153 FATAL [main] [com.log.TestLog4j] - 致命信息
2021-08-19 12:37:53,153 DEBUG [main] [com.log.TestLog4j] - 调试信息
2021-08-19 12:37:53,153  INFO [main] [com.log.TestLog4j] - 输出信息
2021-08-19 12:37:53,153  WARN [main] [com.log.TestLog4j] - 警告信息
2021-08-19 12:37:53,153 ERROR [main] [com.log.TestLog4j] - 错误信息
2021-08-19 12:37:53,153 FATAL [main] [com.log.TestLog4j] - 致命信息
2021-08-19 12:37:53,153 DEBUG [main] [com.log.TestLog4j] - 调试信息
2021-08-19 12:37:53,153  INFO [main] [com.log.TestLog4j] - 输出信息
2021-08-19 12:37:53,153  WARN [main] [com.log.TestLog4j] - 警告信息
2021-08-19 12:37:53,153 ERROR [main] [com.log.TestLog4j] - 错误信息
2021-08-19 12:37:53,153 FATAL [main] [com.log.TestLog4j] - 致命信息
2021-08-19 12:37:53,153 DEBUG [main] [com.log.TestLog4j] - 调试信息
2021-08-19 12:37:53,153  INFO [main] [com.log.TestLog4j] - 输出信息
2021-08-19 12:37:53,153  WARN [main] [com.log.TestLog4j] - 警告信息
2021-08-19 12:37:53,153 ERROR [main] [com.log.TestLog4j] - 错误信息
2021-08-19 12:37:53,153 FATAL [main] [com.log.TestLog4j] - 致命信息
2021-08-19 12:37:53,153 DEBUG [main] [com.log.TestLog4j] - 调试信息
2021-08-19 12:37:53,154  INFO [main] [com.log.TestLog4j] - 输出信息
2021-08-19 12:37:53,154  WARN [main] [com.log.TestLog4j] - 警告信息
2021-08-19 12:37:53,154 ERROR [main] [com.log.TestLog4j] - 错误信息
2021-08-19 12:37:53,154 FATAL [main] [com.log.TestLog4j] - 致命信息
2021-08-19 12:37:53,154 DEBUG [main] [com.log.TestLog4j] - 调试信息
2021-08-19 12:37:53,154  INFO [main] [com.log.TestLog4j] - 输出信息
2021-08-19 12:37:53,154  WARN [main] [com.log.TestLog4j] - 警告信息
2021-08-19 12:37:53,154 ERROR [main] [com.log.TestLog4j] - 错误信息
2021-08-19 12:37:53,154 FATAL [main] [com.log.TestLog4j] - 致命信息
2021-08-19 12:37:53,154 DEBUG [main] [com.log.TestLog4j] - 调试信息
2021-08-19 12:37:53,154  INFO [main] [com.log.TestLog4j] - 输出信息
2021-08-19 12:37:53,154  WARN [main] [com.log.TestLog4j] - 警告信息
2021-08-19 12:37:53,154 ERROR [main] [com.log.TestLog4j] - 错误信息
2021-08-19 12:37:53,154 FATAL [main] [com.log.TestLog4j] - 致命信息
2021-08-19 12:37:53,154 DEBUG [main] [com.log.TestLog4j] - 调试信息
2021-08-19 12:37:53,154  INFO [main] [com.log.TestLog4j] - 输出信息
2021-08-19 12:37:53,154  WARN [main] [com.log.TestLog4j] - 警告信息
2021-08-19 12:37:53,154 ERROR [main] [com.log.TestLog4j] - 错误信息
2021-08-19 12:37:53,154 FATAL [main] [com.log.TestLog4j] - 致命信息
2021-08-19 12:37:53,154 DEBUG [main] [com.log.TestLog4j] - 调试信息
2021-08-19 12:37:53,154  INFO [main] [com.log.TestLog4j] - 输出信息
2021-08-19 12:37:53,154  WARN [main] [com.log.TestLog4j] - 警告信息
2021-08-19 12:37:53,154 ERROR [main] [com.log.TestLog4j] - 错误信息
2021-08-19 12:37:53,154 FATAL [main] [com.log.TestLog4j] - 致命信息
2021-08-19 12:37:53,154 DEBUG [main] [com.log.TestLog4j] - 调试信息
2021-08-19 12:37:53,154  INFO [main] [com.log.TestLog4j] - 输出信息
2021-08-19 12:37:53,154  WARN [main] [com.log.TestLog4j] - 警告信息
2021-08-19 12:37:53,154 ERROR [main] [com.log.TestLog4j] - 错误信息
2021-08-19 12:37:53,154 FATAL [main] [com.log.TestLog4j] - 致命信息
2021-08-19 12:37:53,154 DEBUG [main] [com.log.TestLog4j] - 调试信息
2021-08-19 12:37:53,154  INFO [main] [com.log.TestLog4j] - 输出信息
2021-08-19 12:37:53,154  WARN [main] [com.log.TestLog4j] - 警告信息
2021-08-19 12:37:53,154 ERROR [main] [com.log.TestLog4j] - 错误信息
2021-08-19 12:37:53,154 FATAL [main] [com.log.TestLog4j] - 致命信息
2021-08-19 12:37:53,154 DEBUG [main] [com.log.TestLog4j] - 调试信息
2021-08-19 12:37:53,154  INFO [main] [com.log.TestLog4j] - 输出信息
2021-08-19 12:37:53,154  WARN [main] [com.log.TestLog4j] - 警告信息
2021-08-19 12:37:53,154 ERROR [main] [com.log.TestLog4j] - 错误信息
2021-08-19 12:37:53,154 FATAL [main] [com.log.TestLog4j] - 致命信息
2021-08-19 12:37:53,154 DEBUG [main] [com.log.TestLog4j] - 调试信息
2021-08-19 12:37:53,154  INFO [main] [com.log.TestLog4j] - 输出信息
2021-08-19 12:37:53,154  WARN [main] [com.log.TestLog4j] - 警告信息
2021-08-19 12:37:53,154 ERROR [main] [com.log.TestLog4j] - 错误信息
2021-08-19 12:37:53,154 FATAL [main] [com.log.TestLog4j] - 致命信息
2021-08-19 12:37:53,154 DEBUG [main] [com.log.TestLog4j] - 调试信息
2021-08-19 12:37:53,154  INFO [main] [com.log.TestLog4j] - 输出信息
2021-08-19 12:37:53,154  WARN [main] [com.log.TestLog4j] - 警告信息
2021-08-19 12:37:53,154 ERROR [main] [com.log.TestLog4j] - 错误信息
2021-08-19 12:37:53,154 FATAL [main] [com.log.TestLog4j] - 致命信息
2021-08-19 12:37:53,154 DEBUG [main] [com.log.TestLog4j] - 调试信息
2021-08-19 12:37:53,154  INFO [main] [com.log.TestLog4j] - 输出信息
2021-08-19 12:37:53,154  WARN [main] [com.log.TestLog4j] - 警告信息
2021-08-19 12:37:53,154 ERROR [main] [com.log.TestLog4j] - 错误信息
2021-08-19 12:37:53,154 FATAL [main] [com.log.TestLog4j] - 致命信息
2021-08-19 12:37:53,154 DEBUG [main] [com.log.TestLog4j] - 调试信息
2021-08-19 12:37:53,154  INFO [main] [com.log.TestLog4j] - 输出信息
2021-08-19 12:37:53,154  WARN [main] [com.log.TestLog4j] - 警告信息
2021-08-19 12:37:53,154 ERROR [main] [com.log.TestLog4j] - 错误信息
2021-08-19 12:37:53,154 FATAL [main] [com.log.TestLog4j] - 致命信息
2021-08-19 12:37:53,154 DEBUG [main] [com.log.TestLog4j] - 调试信息
2021-08-19 12:37:53,154  INFO [main] [com.log.TestLog4j] - 输出信息
2021-08-19 12:37:53,154  WARN [main] [com.log.TestLog4j] - 警告信息
2021-08-19 12:37:53,154 ERROR [main] [com.log.TestLog4j] - 错误信息
2021-08-19 12:37:53,154 FATAL [main] [com.log.TestLog4j] - 致命信息
2021-08-19 12:37:53,154 DEBUG [main] [com.log.TestLog4j] - 调试信息
2021-08-19 12:37:53,154  INFO [main] [com.log.TestLog4j] - 输出信息
2021-08-19 12:37:53,155  WARN [main] [com.log.TestLog4j] - 警告信息
2021-08-19 12:37:53,155 ERROR [main] [com.log.TestLog4j] - 错误信息
2021-08-19 12:37:53,155 FATAL [main] [com.log.TestLog4j] - 致命信息
2021-08-19 12:37:53,155 DEBUG [main] [com.log.TestLog4j] - 调试信息
2021-08-19 12:37:53,155  INFO [main] [com.log.TestLog4j] - 输出信息
2021-08-19 12:37:53,155  WARN [main] [com.log.TestLog4j] - 警告信息
2021-08-19 12:37:53,155 ERROR [main] [com.log.TestLog4j] - 错误信息
2021-08-19 12:37:53,155 FATAL [main] [com.log.TestLog4j] - 致命信息
2021-08-19 12:37:53,155 DEBUG [main] [com.log.TestLog4j] - 调试信息
2021-08-19 12:37:53,155  INFO [main] [com.log.TestLog4j] - 输出信息
2021-08-19 12:37:53,155  WARN [main] [com.log.TestLog4j] - 警告信息
2021-08-19 12:37:53,155 ERROR [main] [com.log.TestLog4j] - 错误信息
2021-08-19 12:37:53,155 FATAL [main] [com.log.TestLog4j] - 致命信息
2021-08-19 12:37:53,155 DEBUG [main] [com.log.TestLog4j] - 调试信息
2021-08-19 12:37:53,155  INFO [main] [com.log.TestLog4j] - 输出信息
2021-08-19 12:37:53,155  WARN [main] [com.log.TestLog4j] - 警告信息
2021-08-19 12:37:53,155 ERROR [main] [com.log.TestLog4j] - 错误信息
2021-08-19 12:37:53,155 FATAL [main] [com.log.TestLog4j] - 致命信息
2021-08-19 12:37:53,155 DEBUG [main] [com.log.TestLog4j] - 调试信息
2021-08-19 12:37:53,155  INFO [main] [com.log.TestLog4j] - 输出信息
2021-08-19 12:37:53,155  WARN [main] [com.log.TestLog4j] - 警告信息
2021-08-19 12:37:53,155 ERROR [main] [com.log.TestLog4j] - 错误信息
2021-08-19 12:37:53,155 FATAL [main] [com.log.TestLog4j] - 致命信息
2021-08-19 12:37:53,155 DEBUG [main] [com.log.TestLog4j] - 调试信息
2021-08-19 12:37:53,155  INFO [main] [com.log.TestLog4j] - 输出信息
2021-08-19 12:37:53,155  WARN [main] [com.log.TestLog4j] - 警告信息
2021-08-19 12:37:53,155 ERROR [main] [com.log.TestLog4j] - 错误信息
2021-08-19 12:37:53,155 FATAL [main] [com.log.TestLog4j] - 致命信息
2021-08-19 12:37:53,155 DEBUG [main] [com.log.TestLog4j] - 调试信息
2021-08-19 12:37:53,155  INFO [main] [com.log.TestLog4j] - 输出信息
2021-08-19 12:37:53,155  WARN [main] [com.log.TestLog4j] - 警告信息
2021-08-19 12:37:53,155 ERROR [main] [com.log.TestLog4j] - 错误信息
2021-08-19 12:37:53,155 FATAL [main] [com.log.TestLog4j] - 致命信息
2021-08-19 12:37:53,155 DEBUG [main] [com.log.TestLog4j] - 调试信息
2021-08-19 12:37:53,155  INFO [main] [com.log.TestLog4j] - 输出信息
2021-08-19 12:37:53,155  WARN [main] [com.log.TestLog4j] - 警告信息
2021-08-19 12:37:53,155 ERROR [main] [com.log.TestLog4j] - 错误信息
2021-08-19 12:37:53,155 FATAL [main] [com.log.TestLog4j] - 致命信息
2021-08-19 12:37:53,155 DEBUG [main] [com.log.TestLog4j] - 调试信息
2021-08-19 12:37:53,155  INFO [main] [com.log.TestLog4j] - 输出信息
2021-08-19 12:37:53,155  WARN [main] [com.log.TestLog4j] - 警告信息
2021-08-19 12:37:53,155 ERROR [main] [com.log.TestLog4j] - 错误信息
2021-08-19 12:37:53,155 FATAL [main] [com.log.TestLog4j] - 致命信息
2021-08-19 12:37:53,155 DEBUG [main] [com.log.TestLog4j] - 调试信息
2021-08-19 12:37:53,155  INFO [main] [com.log.TestLog4j] - 输出信息
2021-08-19 12:37:53,155  WARN [main] [com.log.TestLog4j] - 警告信息
2021-08-19 12:37:53,155 ERROR [main] [com.log.TestLog4j] - 错误信息
2021-08-19 12:37:53,155 FATAL [main] [com.log.TestLog4j] - 致命信息
2021-08-19 12:37:53,155 DEBUG [main] [com.log.TestLog4j] - 调试信息
2021-08-19 12:37:53,155  INFO [main] [com.log.TestLog4j] - 输出信息
2021-08-19 12:37:53,155  WARN [main] [com.log.TestLog4j] - 警告信息
2021-08-19 12:37:53,155 ERROR [main] [com.log.TestLog4j] - 错误信息
2021-08-19 12:37:53,155 FATAL [main] [com.log.TestLog4j] - 致命信息
2021-08-19 12:37:53,155 DEBUG [main] [com.log.TestLog4j] - 调试信息
2021-08-19 12:37:53,155  INFO [main] [com.log.TestLog4j] - 输出信息
2021-08-19 12:37:53,155  WARN [main] [com.log.TestLog4j] - 警告信息
2021-08-19 12:37:53,155 ERROR [main] [com.log.TestLog4j] - 错误信息
2021-08-19 12:37:53,155 FATAL [main] [com.log.TestLog4j] - 致命信息
2021-08-19 12:37:53,155 DEBUG [main] [com.log.TestLog4j] - 调试信息
2021-08-19 12:37:53,155  INFO [main] [com.log.TestLog4j] - 输出信息
2021-08-19 12:37:53,155  WARN [main] [com.log.TestLog4j] - 警告信息
2021-08-19 12:37:53,155 ERROR [main] [com.log.TestLog4j] - 错误信息
2021-08-19 12:37:53,155 FATAL [main] [com.log.TestLog4j] - 致命信息
2021-08-19 12:37:53,155 DEBUG [main] [com.log.TestLog4j] - 调试信息
2021-08-19 12:37:53,156  INFO [main] [com.log.TestLog4j] - 输出信息
2021-08-19 12:37:53,156  WARN [main] [com.log.TestLog4j] - 警告信息
2021-08-19 12:37:53,156 ERROR [main] [com.log.TestLog4j] - 错误信息
2021-08-19 12:37:53,156 FATAL [main] [com.log.TestLog4j] - 致命信息
2021-08-19 12:37:53,156 DEBUG [main] [com.log.TestLog4j] - 调试信息
2021-08-19 12:37:53,156  INFO [main] [com.log.TestLog4j] - 输出信息
2021-08-19 12:37:53,156  WARN [main] [com.log.TestLog4j] - 警告信息
2021-08-19 12:37:53,156 ERROR [main] [com.log.TestLog4j] - 错误信息
2021-08-19 12:37:53,156 FATAL [main] [com.log.TestLog4j] - 致命信息
2021-08-19 12:37:53,156 DEBUG [main] [com.log.TestLog4j] - 调试信息
2021-08-19 12:37:53,156  INFO [main] [com.log.TestLog4j] - 输出信息
2021-08-19 12:37:53,156  WARN [main] [com.log.TestLog4j] - 警告信息
2021-08-19 12:37:53,156 ERROR [main] [com.log.TestLog4j] - 错误信息
2021-08-19 12:37:53,156 FATAL [main] [com.log.TestLog4j] - 致命信息
2021-08-19 12:37:53,156 DEBUG [main] [com.log.TestLog4j] - 调试信息
2021-08-19 12:37:53,156  INFO [main] [com.log.TestLog4j] - 输出信息
2021-08-19 12:37:53,156  WARN [main] [com.log.TestLog4j] - 警告信息
2021-08-19 12:37:53,156 ERROR [main] [com.log.TestLog4j] - 错误信息
2021-08-19 12:37:53,156 FATAL [main] [com.log.TestLog4j] - 致命信息
2021-08-19 12:37:53,156 DEBUG [main] [com.log.TestLog4j] - 调试信息
2021-08-19 12:37:53,156  INFO [main] [com.log.TestLog4j] - 输出信息
2021-08-19 12:37:53,156  WARN [main] [com.log.TestLog4j] - 警告信息
2021-08-19 12:37:53,156 ERROR [main] [com.log.TestLog4j] - 错误信息
2021-08-19 12:37:53,156 FATAL [main] [com.log.TestLog4j] - 致命信息
2021-08-19 12:37:53,156 DEBUG [main] [com.log.TestLog4j] - 调试信息
2021-08-19 12:37:53,156  INFO [main] [com.log.TestLog4j] - 输出信息
2021-08-19 12:37:53,156  WARN [main] [com.log.TestLog4j] - 警告信息
2021-08-19 12:37:53,156 ERROR [main] [com.log.TestLog4j] - 错误信息
2021-08-19 12:37:53,156 FATAL [main] [com.log.TestLog4j] - 致命信息
2021-08-19 12:37:53,156 DEBUG [main] [com.log.TestLog4j] - 调试信息
2021-08-19 12:37:53,156  INFO [main] [com.log.TestLog4j] - 输出信息
2021-08-19 12:37:53,156  WARN [main] [com.log.TestLog4j] - 警告信息
2021-08-19 12:37:53,156 ERROR [main] [com.log.TestLog4j] - 错误信息
2021-08-19 12:37:53,156 FATAL [main] [com.log.TestLog4j] - 致命信息
2021-08-19 12:37:53,156 DEBUG [main] [com.log.TestLog4j] - 调试信息
2021-08-19 12:37:53,156  INFO [main] [com.log.TestLog4j] - 输出信息
2021-08-19 12:37:53,156  WARN [main] [com.log.TestLog4j] - 警告信息
2021-08-19 12:37:53,156 ERROR [main] [com.log.TestLog4j] - 错误信息
2021-08-19 12:37:53,156 FATAL [main] [com.log.TestLog4j] - 致命信息
2021-08-19 12:37:53,156 DEBUG [main] [com.log.TestLog4j] - 调试信息
2021-08-19 12:37:53,156  INFO [main] [com.log.TestLog4j] - 输出信息
2021-08-19 12:37:53,156  WARN [main] [com.log.TestLog4j] - 警告信息
2021-08-19 12:37:53,156 ERROR [main] [com.log.TestLog4j] - 错误信息
2021-08-19 12:37:53,156 FATAL [main] [com.log.TestLog4j] - 致命信息
2021-08-19 12:37:53,156 DEBUG [main] [com.log.TestLog4j] - 调试信息
2021-08-19 12:37:53,156  INFO [main] [com.log.TestLog4j] - 输出信息
2021-08-19 12:37:53,156  WARN [main] [com.log.TestLog4j] - 警告信息
2021-08-19 12:37:53,156 ERROR [main] [com.log.TestLog4j] - 错误信息
2021-08-19 12:37:53,156 FATAL [main] [com.log.TestLog4j] - 致命信息
2021-08-19 12:37:53,156 DEBUG [main] [com.log.TestLog4j] - 调试信息
2021-08-19 12:37:53,156  INFO [main] [com.log.TestLog4j] - 输出信息
2021-08-19 12:37:53,156  WARN [main] [com.log.TestLog4j] - 警告信息
2021-08-19 12:37:53,156 ERROR [main] [com.log.TestLog4j] - 错误信息
2021-08-19 12:37:53,156 FATAL [main] [com.log.TestLog4j] - 致命信息
2021-08-19 12:37:53,156 DEBUG [main] [com.log.TestLog4j] - 调试信息
2021-08-19 12:37:53,156  INFO [main] [com.log.TestLog4j] - 输出信息
2021-08-19 12:37:53,156  WARN [main] [com.log.TestLog4j] - 警告信息
2021-08-19 12:37:53,156 ERROR [main] [com.log.TestLog4j] - 错误信息
2021-08-19 12:37:53,156 FATAL [main] [com.log.TestLog4j] - 致命信息
2021-08-19 12:37:53,156 DEBUG [main] [com.log.TestLog4j] - 调试信息
2021-08-19 12:37:53,157  INFO [main] [com.log.TestLog4j] - 输出信息
2021-08-19 12:37:53,157  WARN [main] [com.log.TestLog4j] - 警告信息
2021-08-19 12:37:53,157 ERROR [main] [com.log.TestLog4j] - 错误信息
2021-08-19 12:37:53,157 FATAL [main] [com.log.TestLog4j] - 致命信息
2021-08-19 12:37:53,157 DEBUG [main] [com.log.TestLog4j] - 调试信息
2021-08-19 12:37:53,157  INFO [main] [com.log.TestLog4j] - 输出信息
2021-08-19 12:37:53,157  WARN [main] [com.log.TestLog4j] - 警告信息
2021-08-19 12:37:53,157 ERROR [main] [com.log.TestLog4j] - 错误信息
2021-08-19 12:37:53,157 FATAL [main] [com.log.TestLog4j] - 致命信息
